2026-06-17 11:03:55.907 [main] INFO  [c.s.o.OrderServiceApplication] - Starting OrderServiceApplication using Java 22.0.2 with PID 16496 (C:\Java FDS 2026\Capstone Workspace\BACKEND\order-service\target\classes started by AR20696121 in C:\Java FDS 2026\Capstone Workspace\BACKEND\order-service)
2026-06-17 11:03:55.911 [main] INFO  [c.s.o.OrderServiceApplication] - No active profile set, falling back to 1 default profile: "default"
2026-06-17 11:03:59.326 [main] INFO  [o.s.d.r.c.RepositoryConfigurationDelegate] - Bootstrapping Spring Data JPA repositories in DEFAULT mode.
2026-06-17 11:03:59.851 [main] INFO  [o.s.d.r.c.RepositoryConfigurationDelegate] - Finished Spring Data repository scanning in 474 ms. Found 6 JPA repository interfaces.
2026-06-17 11:04:00.767 [main] INFO  [o.s.cloud.context.scope.GenericScope] - BeanFactory id=ac07111e-a909-33fe-8609-17dea9f5c8b3
2026-06-17 11:04:02.604 [main] INFO  [o.s.b.w.e.tomcat.TomcatWebServer] - Tomcat initialized with port 8083 (http)
2026-06-17 11:04:02.637 [main] INFO  [o.a.catalina.core.StandardService] - Starting service [Tomcat]
2026-06-17 11:04:02.638 [main] INFO  [o.a.catalina.core.StandardEngine] - Starting Servlet engine: [Apache Tomcat/10.1.55]
2026-06-17 11:04:02.840 [main] INFO  [o.a.c.c.C.[Tomcat].[localhost].[/]] - Initializing Spring embedded WebApplicationContext
2026-06-17 11:04:02.840 [main] INFO  [o.s.b.w.s.c.ServletWebServerApplicationContext] - Root WebApplicationContext: initialization completed in 6779 ms
2026-06-17 11:04:03.917 [main] INFO  [o.h.jpa.internal.util.LogHelper] - HHH000204: Processing PersistenceUnitInfo [name: default]
2026-06-17 11:04:04.173 [main] INFO  [org.hibernate.Version] - HHH000412: Hibernate ORM core version 6.6.53.Final
2026-06-17 11:04:04.314 [main] INFO  [o.h.c.i.RegionFactoryInitiator] - HHH000026: Second-level cache disabled
2026-06-17 11:04:05.487 [main] INFO  [o.s.o.j.p.SpringPersistenceUnitInfo] - No LoadTimeWeaver setup: ignoring JPA class transformer
2026-06-17 11:04:06.016 [main] INFO  [com.zaxxer.hikari.HikariDataSource] - HikariPool-1 - Starting...
2026-06-17 11:04:06.770 [main] INFO  [com.zaxxer.hikari.pool.HikariPool] - HikariPool-1 - Added connection com.mysql.cj.jdbc.ConnectionImpl@2df24f19
2026-06-17 11:04:06.777 [main] INFO  [com.zaxxer.hikari.HikariDataSource] - HikariPool-1 - Start completed.
2026-06-17 11:04:07.076 [main] INFO  [o.hibernate.orm.connections.pooling] - HHH10001005: Database info:
	Database JDBC URL [Connecting through datasource 'HikariDataSource (HikariPool-1)']
	Database driver: undefined/unknown
	Database version: 8.4.9
	Autocommit mode: undefined/unknown
	Isolation level: undefined/unknown
	Minimum pool size: undefined/unknown
	Maximum pool size: undefined/unknown
2026-06-17 11:04:10.357 [main] INFO  [o.h.e.t.j.p.i.JtaPlatformInitiator] - HHH000489: No JTA platform available (set 'hibernate.transaction.jta.platform' to enable JTA platform integration)
2026-06-17 11:04:10.603 [main] INFO  [o.s.o.j.LocalContainerEntityManagerFactoryBean] - Initialized JPA EntityManagerFactory for persistence unit 'default'
2026-06-17 11:04:12.527 [main] WARN  [o.s.b.a.o.j.JpaBaseConfiguration$JpaWebConfiguration] - spring.jpa.open-in-view is enabled by default. Therefore, database queries may be performed during view rendering. Explicitly configure spring.jpa.open-in-view to disable this warning
2026-06-17 11:04:12.862 [main] INFO  [o.s.c.o.FeignClientFactoryBean] - For 'menu-service' URL not provided. Will try picking an instance via load-balancing.
2026-06-17 11:04:17.151 [main] INFO  [o.s.c.n.e.c.DiscoveryClientOptionalArgsConfiguration] - Eureka HTTP Client uses RestTemplate.
2026-06-17 11:04:17.290 [main] WARN  [o.s.c.l.c.LoadBalancerCacheAutoConfiguration$LoadBalancerCaffeineWarnLogger] - Spring Cloud LoadBalancer is currently working with the default cache. While this cache implementation is useful for development and tests, it's recommended to use Caffeine cache in production.You can switch to using Caffeine cache, by adding it and org.springframework.cache.caffeine.CaffeineCacheManager to the classpath.
2026-06-17 11:04:17.350 [main] INFO  [o.s.b.a.e.web.EndpointLinksResolver] - Exposing 2 endpoints beneath base path '/actuator'
2026-06-17 11:04:17.683 [main] INFO  [o.s.c.n.eureka.InstanceInfoFactory] - Setting initial instance status as: STARTING
2026-06-17 11:04:17.788 [main] INFO  [c.netflix.discovery.DiscoveryClient] - Initializing Eureka in region us-east-1
2026-06-17 11:04:17.807 [main] INFO  [c.n.d.s.r.aws.ConfigClusterResolver] - Resolving eureka endpoints via configuration
2026-06-17 11:04:17.849 [main] INFO  [c.netflix.discovery.DiscoveryClient] - Disable delta property : false
2026-06-17 11:04:17.849 [main] INFO  [c.netflix.discovery.DiscoveryClient] - Single vip registry refresh property : null
2026-06-17 11:04:17.849 [main] INFO  [c.netflix.discovery.DiscoveryClient] - Force full registry fetch : false
2026-06-17 11:04:17.849 [main] INFO  [c.netflix.discovery.DiscoveryClient] - Application is null : false
2026-06-17 11:04:17.850 [main] INFO  [c.netflix.discovery.DiscoveryClient] - Registered Applications size is zero : true
2026-06-17 11:04:17.850 [main] INFO  [c.netflix.discovery.DiscoveryClient] - Application version is -1: true
2026-06-17 11:04:17.850 [main] INFO  [c.netflix.discovery.DiscoveryClient] - Getting all instance registry info from the eureka server
2026-06-17 11:04:18.974 [main] INFO  [c.netflix.discovery.DiscoveryClient] - The response status is 200
2026-06-17 11:04:18.981 [main] INFO  [c.netflix.discovery.DiscoveryClient] - Starting heartbeat executor: renew interval is: 30
2026-06-17 11:04:18.989 [main] INFO  [c.n.discovery.InstanceInfoReplicator] - InstanceInfoReplicator onDemand update allowed rate per min is 4
2026-06-17 11:04:18.996 [main] INFO  [c.netflix.discovery.DiscoveryClient] - Discovery Client initialized at timestamp 1781674458994 with initial instances count: 5
2026-06-17 11:04:19.023 [main] INFO  [o.s.c.n.e.s.EurekaServiceRegistry] - Registering application ORDER-SERVICE with eureka with status UP
2026-06-17 11:04:19.024 [main] INFO  [c.netflix.discovery.DiscoveryClient] - Saw local status change event StatusChangeEvent [timestamp=1781674459024, current=UP, previous=STARTING]
2026-06-17 11:04:19.031 [DiscoveryClient-InstanceInfoReplicator-%d] INFO  [c.netflix.discovery.DiscoveryClient] - DiscoveryClient_ORDER-SERVICE/order-service:8083: registering service...
2026-06-17 11:04:19.091 [main] INFO  [o.s.b.w.e.tomcat.TomcatWebServer] - Tomcat started on port 8083 (http) with context path '/'
2026-06-17 11:04:19.092 [main] INFO  [o.s.c.n.e.s.EurekaAutoServiceRegistration] - Updating port to 8083
2026-06-17 11:04:19.126 [main] INFO  [c.s.o.OrderServiceApplication] - Started OrderServiceApplication in 24.771 seconds (process running for 26.737)
2026-06-17 11:04:19.144 [main] WARN  [o.s.c.events.SpringDocAppInitializer] - SpringDoc /v3/api-docs endpoint is enabled by default. To disable it in production, set the property 'springdoc.api-docs.enabled=false'
2026-06-17 11:04:19.144 [main] WARN  [o.s.c.events.SpringDocAppInitializer] - SpringDoc /swagger-ui.html endpoint is enabled by default. To disable it in production, set the property 'springdoc.swagger-ui.enabled=false'
2026-06-17 11:04:19.149 [DiscoveryClient-InstanceInfoReplicator-%d] INFO  [c.netflix.discovery.DiscoveryClient] - DiscoveryClient_ORDER-SERVICE/order-service:8083 - registration status: 204
2026-06-17 11:04:19.936 [RMI TCP Connection(10)-127.0.0.1] INFO  [o.a.c.c.C.[Tomcat].[localhost].[/]] - Initializing Spring DispatcherServlet 'dispatcherServlet'
2026-06-17 11:04:19.937 [RMI TCP Connection(10)-127.0.0.1] INFO  [o.s.web.servlet.DispatcherServlet] - Initializing Servlet 'dispatcherServlet'
2026-06-17 11:04:19.940 [RMI TCP Connection(10)-127.0.0.1] INFO  [o.s.web.servlet.DispatcherServlet] - Completed initialization in 3 ms
2026-06-17 11:08:54.048 [RMI TCP Connection(15)-127.0.0.1] INFO  [o.s.b.a.SpringApplicationAdminMXBeanRegistrar$SpringApplicationAdmin] - Application shutdown requested.
2026-06-17 11:08:54.093 [RMI TCP Connection(15)-127.0.0.1] INFO  [o.s.c.n.e.s.EurekaServiceRegistry] - Unregistering application ORDER-SERVICE with eureka with status DOWN
2026-06-17 11:08:54.094 [RMI TCP Connection(15)-127.0.0.1] INFO  [c.netflix.discovery.DiscoveryClient] - Saw local status change event StatusChangeEvent [timestamp=1781674734094, current=DOWN, previous=UP]
2026-06-17 11:08:54.096 [DiscoveryClient-InstanceInfoReplicator-%d] INFO  [c.netflix.discovery.DiscoveryClient] - DiscoveryClient_ORDER-SERVICE/order-service:8083: registering service...
2026-06-17 11:08:54.128 [DiscoveryClient-InstanceInfoReplicator-%d] INFO  [c.netflix.discovery.DiscoveryClient] - DiscoveryClient_ORDER-SERVICE/order-service:8083 - registration status: 204
2026-06-17 11:08:54.180 [RMI TCP Connection(15)-127.0.0.1] INFO  [o.s.b.w.e.tomcat.GracefulShutdown] - Commencing graceful shutdown. Waiting for active requests to complete
2026-06-17 11:08:54.206 [tomcat-shutdown] INFO  [o.s.b.w.e.tomcat.GracefulShutdown] - Graceful shutdown complete
2026-06-17 11:08:54.308 [RMI TCP Connection(15)-127.0.0.1] INFO  [o.s.o.j.LocalContainerEntityManagerFactoryBean] - Closing JPA EntityManagerFactory for persistence unit 'default'
2026-06-17 11:08:54.416 [RMI TCP Connection(15)-127.0.0.1] INFO  [com.zaxxer.hikari.HikariDataSource] - HikariPool-1 - Shutdown initiated...
2026-06-17 11:08:54.523 [RMI TCP Connection(15)-127.0.0.1] INFO  [com.zaxxer.hikari.HikariDataSource] - HikariPool-1 - Shutdown completed.
2026-06-17 11:08:54.556 [RMI TCP Connection(15)-127.0.0.1] INFO  [c.netflix.discovery.DiscoveryClient] - Shutting down DiscoveryClient ...
2026-06-17 11:08:57.559 [RMI TCP Connection(15)-127.0.0.1] INFO  [c.netflix.discovery.DiscoveryClient] - Unregistering ...
2026-06-17 11:08:57.574 [RMI TCP Connection(15)-127.0.0.1] INFO  [c.netflix.discovery.DiscoveryClient] - DiscoveryClient_ORDER-SERVICE/order-service:8083 - deregister  status: 200
2026-06-17 11:08:57.574 [RMI TCP Connection(15)-127.0.0.1] INFO  [c.netflix.discovery.DiscoveryClient] - Completed shut down of DiscoveryClient
2026-06-17 11:09:09.422 [main] INFO  [c.s.o.OrderServiceApplication] - Starting OrderServiceApplication using Java 22.0.2 with PID 39332 (C:\Java FDS 2026\Capstone Workspace\BACKEND\order-service\target\classes started by AR20696121 in C:\Java FDS 2026\Capstone Workspace\BACKEND\order-service)
2026-06-17 11:09:09.427 [main] INFO  [c.s.o.OrderServiceApplication] - No active profile set, falling back to 1 default profile: "default"
2026-06-17 11:09:13.179 [main] INFO  [o.s.d.r.c.RepositoryConfigurationDelegate] - Bootstrapping Spring Data JPA repositories in DEFAULT mode.
2026-06-17 11:09:13.894 [main] INFO  [o.s.d.r.c.RepositoryConfigurationDelegate] - Finished Spring Data repository scanning in 677 ms. Found 6 JPA repository interfaces.
2026-06-17 11:09:14.752 [main] INFO  [o.s.cloud.context.scope.GenericScope] - BeanFactory id=ac07111e-a909-33fe-8609-17dea9f5c8b3
2026-06-17 11:09:16.508 [main] INFO  [o.s.b.w.e.tomcat.TomcatWebServer] - Tomcat initialized with port 8083 (http)
2026-06-17 11:09:16.552 [main] INFO  [o.a.catalina.core.StandardService] - Starting service [Tomcat]
2026-06-17 11:09:16.552 [main] INFO  [o.a.catalina.core.StandardEngine] - Starting Servlet engine: [Apache Tomcat/10.1.55]
2026-06-17 11:09:16.773 [main] INFO  [o.a.c.c.C.[Tomcat].[localhost].[/]] - Initializing Spring embedded WebApplicationContext
2026-06-17 11:09:16.774 [main] INFO  [o.s.b.w.s.c.ServletWebServerApplicationContext] - Root WebApplicationContext: initialization completed in 7163 ms
2026-06-17 11:09:17.969 [main] INFO  [o.h.jpa.internal.util.LogHelper] - HHH000204: Processing PersistenceUnitInfo [name: default]
2026-06-17 11:09:18.252 [main] INFO  [org.hibernate.Version] - HHH000412: Hibernate ORM core version 6.6.53.Final
2026-06-17 11:09:18.409 [main] INFO  [o.h.c.i.RegionFactoryInitiator] - HHH000026: Second-level cache disabled
2026-06-17 11:09:19.678 [main] INFO  [o.s.o.j.p.SpringPersistenceUnitInfo] - No LoadTimeWeaver setup: ignoring JPA class transformer
2026-06-17 11:09:19.823 [main] INFO  [com.zaxxer.hikari.HikariDataSource] - HikariPool-1 - Starting...
2026-06-17 11:09:20.700 [main] INFO  [com.zaxxer.hikari.pool.HikariPool] - HikariPool-1 - Added connection com.mysql.cj.jdbc.ConnectionImpl@5af7e2f
2026-06-17 11:09:20.710 [main] INFO  [com.zaxxer.hikari.HikariDataSource] - HikariPool-1 - Start completed.
2026-06-17 11:09:21.034 [main] INFO  [o.hibernate.orm.connections.pooling] - HHH10001005: Database info:
	Database JDBC URL [Connecting through datasource 'HikariDataSource (HikariPool-1)']
	Database driver: undefined/unknown
	Database version: 8.4.9
	Autocommit mode: undefined/unknown
	Isolation level: undefined/unknown
	Minimum pool size: undefined/unknown
	Maximum pool size: undefined/unknown
2026-06-17 11:09:24.890 [main] INFO  [o.h.e.t.j.p.i.JtaPlatformInitiator] - HHH000489: No JTA platform available (set 'hibernate.transaction.jta.platform' to enable JTA platform integration)
2026-06-17 11:09:25.119 [main] INFO  [o.s.o.j.LocalContainerEntityManagerFactoryBean] - Initialized JPA EntityManagerFactory for persistence unit 'default'
2026-06-17 11:09:26.968 [main] WARN  [o.s.b.a.o.j.JpaBaseConfiguration$JpaWebConfiguration] - spring.jpa.open-in-view is enabled by default. Therefore, database queries may be performed during view rendering. Explicitly configure spring.jpa.open-in-view to disable this warning
2026-06-17 11:09:27.316 [main] INFO  [o.s.c.o.FeignClientFactoryBean] - For 'menu-service' URL not provided. Will try picking an instance via load-balancing.
2026-06-17 11:09:30.934 [main] INFO  [o.s.c.n.e.c.DiscoveryClientOptionalArgsConfiguration] - Eureka HTTP Client uses RestTemplate.
2026-06-17 11:09:31.056 [main] WARN  [o.s.c.l.c.LoadBalancerCacheAutoConfiguration$LoadBalancerCaffeineWarnLogger] - Spring Cloud LoadBalancer is currently working with the default cache. While this cache implementation is useful for development and tests, it's recommended to use Caffeine cache in production.You can switch to using Caffeine cache, by adding it and org.springframework.cache.caffeine.CaffeineCacheManager to the classpath.
2026-06-17 11:09:31.104 [main] INFO  [o.s.b.a.e.web.EndpointLinksResolver] - Exposing 2 endpoints beneath base path '/actuator'
2026-06-17 11:09:31.407 [main] INFO  [o.s.c.n.eureka.InstanceInfoFactory] - Setting initial instance status as: STARTING
2026-06-17 11:09:31.462 [main] INFO  [c.netflix.discovery.DiscoveryClient] - Initializing Eureka in region us-east-1
2026-06-17 11:09:31.472 [main] INFO  [c.n.d.s.r.aws.ConfigClusterResolver] - Resolving eureka endpoints via configuration
2026-06-17 11:09:31.490 [main] INFO  [c.netflix.discovery.DiscoveryClient] - Disable delta property : false
2026-06-17 11:09:31.492 [main] INFO  [c.netflix.discovery.DiscoveryClient] - Single vip registry refresh property : null
2026-06-17 11:09:31.493 [main] INFO  [c.netflix.discovery.DiscoveryClient] - Force full registry fetch : false
2026-06-17 11:09:31.493 [main] INFO  [c.netflix.discovery.DiscoveryClient] - Application is null : false
2026-06-17 11:09:31.494 [main] INFO  [c.netflix.discovery.DiscoveryClient] - Registered Applications size is zero : true
2026-06-17 11:09:31.494 [main] INFO  [c.netflix.discovery.DiscoveryClient] - Application version is -1: true
2026-06-17 11:09:31.495 [main] INFO  [c.netflix.discovery.DiscoveryClient] - Getting all instance registry info from the eureka server
2026-06-17 11:09:32.247 [main] INFO  [c.netflix.discovery.DiscoveryClient] - The response status is 200
2026-06-17 11:09:32.254 [main] INFO  [c.netflix.discovery.DiscoveryClient] - Starting heartbeat executor: renew interval is: 30
2026-06-17 11:09:32.258 [main] INFO  [c.n.discovery.InstanceInfoReplicator] - InstanceInfoReplicator onDemand update allowed rate per min is 4
2026-06-17 11:09:32.264 [main] INFO  [c.netflix.discovery.DiscoveryClient] - Discovery Client initialized at timestamp 1781674772262 with initial instances count: 5
2026-06-17 11:09:32.285 [main] INFO  [o.s.c.n.e.s.EurekaServiceRegistry] - Registering application ORDER-SERVICE with eureka with status UP
2026-06-17 11:09:32.287 [main] INFO  [c.netflix.discovery.DiscoveryClient] - Saw local status change event StatusChangeEvent [timestamp=1781674772287, current=UP, previous=STARTING]
2026-06-17 11:09:32.290 [DiscoveryClient-InstanceInfoReplicator-%d] INFO  [c.netflix.discovery.DiscoveryClient] - DiscoveryClient_ORDER-SERVICE/order-service:8083: registering service...
2026-06-17 11:09:32.349 [main] INFO  [o.s.b.w.e.tomcat.TomcatWebServer] - Tomcat started on port 8083 (http) with context path '/'
2026-06-17 11:09:32.350 [main] INFO  [o.s.c.n.e.s.EurekaAutoServiceRegistration] - Updating port to 8083
2026-06-17 11:09:32.365 [DiscoveryClient-InstanceInfoReplicator-%d] INFO  [c.netflix.discovery.DiscoveryClient] - DiscoveryClient_ORDER-SERVICE/order-service:8083 - registration status: 204
2026-06-17 11:09:32.383 [main] INFO  [c.s.o.OrderServiceApplication] - Started OrderServiceApplication in 24.709 seconds (process running for 26.882)
2026-06-17 11:09:32.398 [main] WARN  [o.s.c.events.SpringDocAppInitializer] - SpringDoc /v3/api-docs endpoint is enabled by default. To disable it in production, set the property 'springdoc.api-docs.enabled=false'
2026-06-17 11:09:32.399 [main] WARN  [o.s.c.events.SpringDocAppInitializer] - SpringDoc /swagger-ui.html endpoint is enabled by default. To disable it in production, set the property 'springdoc.swagger-ui.enabled=false'
2026-06-17 11:09:32.686 [RMI TCP Connection(8)-127.0.0.1] INFO  [o.a.c.c.C.[Tomcat].[localhost].[/]] - Initializing Spring DispatcherServlet 'dispatcherServlet'
2026-06-17 11:09:32.687 [RMI TCP Connection(8)-127.0.0.1] INFO  [o.s.web.servlet.DispatcherServlet] - Initializing Servlet 'dispatcherServlet'
2026-06-17 11:09:32.690 [RMI TCP Connection(8)-127.0.0.1] INFO  [o.s.web.servlet.DispatcherServlet] - Completed initialization in 3 ms
2026-06-17 11:12:34.179 [http-nio-8083-exec-2] INFO  [c.s.o.service.OrderServiceImpl] - Fetching top ordered pizza ids for userId: 1
2026-06-17 11:12:34.179 [http-nio-8083-exec-1] INFO  [c.s.o.service.CartServiceImpl] - Fetching cart items for userId: 1
2026-06-17 11:12:34.684 [http-nio-8083-exec-1] INFO  [c.s.o.service.CartServiceImpl] - Cart items fetched successfully. userId: 1, count: 0
2026-06-17 11:12:34.741 [http-nio-8083-exec-3] INFO  [c.s.o.service.CartServiceImpl] - Fetching cart items for userId: 1
2026-06-17 11:12:34.745 [http-nio-8083-exec-3] INFO  [c.s.o.service.CartServiceImpl] - Cart items fetched successfully. userId: 1, count: 0
2026-06-17 11:12:34.776 [http-nio-8083-exec-2] INFO  [c.s.o.service.OrderServiceImpl] - Top ordered pizza ids for userId 1: [1, 2, 3]
2026-06-17 11:12:34.951 [http-nio-8083-exec-4] INFO  [c.s.o.service.OrderServiceImpl] - Fetching top ordered pizza ids for userId: 1
2026-06-17 11:12:34.966 [http-nio-8083-exec-4] INFO  [c.s.o.service.OrderServiceImpl] - Top ordered pizza ids for userId 1: [1, 2, 3]
2026-06-17 11:12:38.394 [http-nio-8083-exec-5] INFO  [c.s.o.service.CartServiceImpl] - Add to cart request received. userId: 1, pizzaId: 3, quantity: 1
2026-06-17 11:12:38.730 [http-nio-8083-exec-5] INFO  [c.s.o.service.CartServiceImpl] - Pizza details fetched from menu-service. pizzaId: 3, pizzaName: Coca Cola, available: true
2026-06-17 11:12:38.747 [http-nio-8083-exec-5] INFO  [c.s.o.service.CartServiceImpl] - Pizza not found in cart. Creating new cart item. userId: 1, pizzaId: 3
2026-06-17 11:12:38.936 [http-nio-8083-exec-5] INFO  [c.s.o.service.CartServiceImpl] - Cart item saved successfully. cartItemId: 29, userId: 1, pizzaId: 3, quantity: 1, totalPrice: 70.0
2026-06-17 11:12:38.965 [http-nio-8083-exec-6] INFO  [c.s.o.service.CartServiceImpl] - Fetching cart items for userId: 1
2026-06-17 11:12:38.972 [http-nio-8083-exec-6] INFO  [c.s.o.service.CartServiceImpl] - Cart items fetched successfully. userId: 1, count: 1
2026-06-17 11:12:41.392 [http-nio-8083-exec-7] INFO  [c.s.o.service.CartServiceImpl] - Fetching cart items for userId: 1
2026-06-17 11:12:41.402 [http-nio-8083-exec-7] INFO  [c.s.o.service.CartServiceImpl] - Cart items fetched successfully. userId: 1, count: 1
2026-06-17 11:12:41.414 [http-nio-8083-exec-8] INFO  [c.s.o.service.CartServiceImpl] - Fetching cart items for userId: 1
2026-06-17 11:12:41.420 [http-nio-8083-exec-8] INFO  [c.s.o.service.CartServiceImpl] - Cart items fetched successfully. userId: 1, count: 1
2026-06-17 11:13:03.446 [http-nio-8083-exec-9] INFO  [c.s.o.service.CartServiceImpl] - Fetching cart items for userId: 1
2026-06-17 11:13:03.460 [http-nio-8083-exec-9] INFO  [c.s.o.service.CartServiceImpl] - Cart items fetched successfully. userId: 1, count: 1
2026-06-17 11:13:03.473 [http-nio-8083-exec-10] INFO  [c.s.o.service.CartServiceImpl] - Fetching cart items for userId: 1
2026-06-17 11:13:03.479 [http-nio-8083-exec-10] INFO  [c.s.o.service.CartServiceImpl] - Cart items fetched successfully. userId: 1, count: 1
2026-06-17 11:14:18.897 [http-nio-8083-exec-2] INFO  [c.s.o.service.CartServiceImpl] - Fetching cart items for userId: 1
2026-06-17 11:14:18.903 [http-nio-8083-exec-2] INFO  [c.s.o.service.CartServiceImpl] - Cart items fetched successfully. userId: 1, count: 1
2026-06-17 11:14:18.913 [http-nio-8083-exec-4] INFO  [c.s.o.service.CartServiceImpl] - Fetching cart items for userId: 1
2026-06-17 11:14:18.917 [http-nio-8083-exec-4] INFO  [c.s.o.service.CartServiceImpl] - Cart items fetched successfully. userId: 1, count: 1
2026-06-17 11:14:24.866 [http-nio-8083-exec-5] INFO  [c.s.o.service.CartServiceImpl] - Fetching cart items for userId: 1
2026-06-17 11:14:24.872 [http-nio-8083-exec-5] INFO  [c.s.o.service.CartServiceImpl] - Cart items fetched successfully. userId: 1, count: 1
2026-06-17 11:14:24.878 [http-nio-8083-exec-6] INFO  [c.s.o.service.OrderServiceImpl] - Fetching top ordered pizza ids for userId: 1
2026-06-17 11:14:24.882 [http-nio-8083-exec-7] INFO  [c.s.o.service.CartServiceImpl] - Fetching cart items for userId: 1
2026-06-17 11:14:24.888 [http-nio-8083-exec-7] INFO  [c.s.o.service.CartServiceImpl] - Cart items fetched successfully. userId: 1, count: 1
2026-06-17 11:14:24.898 [http-nio-8083-exec-6] INFO  [c.s.o.service.OrderServiceImpl] - Top ordered pizza ids for userId 1: [1, 2, 3]
2026-06-17 11:14:24.945 [http-nio-8083-exec-8] INFO  [c.s.o.service.OrderServiceImpl] - Fetching top ordered pizza ids for userId: 1
2026-06-17 11:14:24.959 [http-nio-8083-exec-8] INFO  [c.s.o.service.OrderServiceImpl] - Top ordered pizza ids for userId 1: [1, 2, 3]
2026-06-17 11:14:29.785 [http-nio-8083-exec-9] INFO  [c.s.o.service.CartServiceImpl] - Update cart item request received. cartItemId: 29, newQuantity: 2
2026-06-17 11:14:29.819 [http-nio-8083-exec-9] INFO  [c.s.o.service.CartServiceImpl] - Cart item found. cartItemId: 29, oldQuantity: 1
2026-06-17 11:14:29.881 [http-nio-8083-exec-9] INFO  [c.s.o.service.CartServiceImpl] - Cart item updated successfully. cartItemId: 29, quantity: 2, totalPrice: 140.0
2026-06-17 11:14:29.927 [http-nio-8083-exec-10] INFO  [c.s.o.service.CartServiceImpl] - Fetching cart items for userId: 1
2026-06-17 11:14:29.937 [http-nio-8083-exec-10] INFO  [c.s.o.service.CartServiceImpl] - Cart items fetched successfully. userId: 1, count: 1
2026-06-17 11:14:31.510 [AsyncResolver-bootstrap-executor-%d] INFO  [c.n.d.s.r.aws.ConfigClusterResolver] - Resolving eureka endpoints via configuration
2026-06-17 11:14:35.712 [http-nio-8083-exec-1] INFO  [c.s.o.service.CartServiceImpl] - Fetching cart items for userId: 1
2026-06-17 11:14:35.717 [http-nio-8083-exec-1] INFO  [c.s.o.service.CartServiceImpl] - Cart items fetched successfully. userId: 1, count: 1
2026-06-17 11:14:35.726 [http-nio-8083-exec-3] INFO  [c.s.o.service.CartServiceImpl] - Fetching cart items for userId: 1
2026-06-17 11:14:35.731 [http-nio-8083-exec-3] INFO  [c.s.o.service.CartServiceImpl] - Cart items fetched successfully. userId: 1, count: 1
2026-06-17 11:14:39.303 [http-nio-8083-exec-2] INFO  [c.s.o.service.CartServiceImpl] - Fetching cart items for userId: 1
2026-06-17 11:14:39.308 [http-nio-8083-exec-2] INFO  [c.s.o.service.CartServiceImpl] - Cart items fetched successfully. userId: 1, count: 1
2026-06-17 11:14:39.319 [http-nio-8083-exec-4] INFO  [c.s.o.service.CartServiceImpl] - Fetching cart items for userId: 1
2026-06-17 11:14:39.323 [http-nio-8083-exec-4] INFO  [c.s.o.service.CartServiceImpl] - Cart items fetched successfully. userId: 1, count: 1
2026-06-17 11:15:35.436 [http-nio-8083-exec-5] INFO  [c.s.o.service.CartServiceImpl] - Fetching cart items for userId: 1
2026-06-17 11:15:35.442 [http-nio-8083-exec-5] INFO  [c.s.o.service.CartServiceImpl] - Cart items fetched successfully. userId: 1, count: 1
2026-06-17 11:15:35.444 [http-nio-8083-exec-7] INFO  [c.s.o.service.OrderServiceImpl] - Fetching top ordered pizza ids for userId: 1
2026-06-17 11:15:35.452 [http-nio-8083-exec-6] INFO  [c.s.o.service.CartServiceImpl] - Fetching cart items for userId: 1
2026-06-17 11:15:35.461 [http-nio-8083-exec-6] INFO  [c.s.o.service.CartServiceImpl] - Cart items fetched successfully. userId: 1, count: 1
2026-06-17 11:15:35.465 [http-nio-8083-exec-7] INFO  [c.s.o.service.OrderServiceImpl] - Top ordered pizza ids for userId 1: [1, 2, 3]
2026-06-17 11:15:35.510 [http-nio-8083-exec-8] INFO  [c.s.o.service.OrderServiceImpl] - Fetching top ordered pizza ids for userId: 1
2026-06-17 11:15:35.523 [http-nio-8083-exec-8] INFO  [c.s.o.service.OrderServiceImpl] - Top ordered pizza ids for userId 1: [1, 2, 3]
2026-06-17 11:15:38.748 [http-nio-8083-exec-9] INFO  [c.s.o.service.OrderServiceImpl] - Fetching top ordered pizza ids for userId: 1
2026-06-17 11:15:38.766 [http-nio-8083-exec-9] INFO  [c.s.o.service.OrderServiceImpl] - Top ordered pizza ids for userId 1: [1, 2, 3]
2026-06-17 11:19:31.522 [AsyncResolver-bootstrap-executor-%d] INFO  [c.n.d.s.r.aws.ConfigClusterResolver] - Resolving eureka endpoints via configuration
2026-06-17 11:24:31.525 [AsyncResolver-bootstrap-executor-%d] INFO  [c.n.d.s.r.aws.ConfigClusterResolver] - Resolving eureka endpoints via configuration
2026-06-17 11:29:31.526 [AsyncResolver-bootstrap-executor-%d] INFO  [c.n.d.s.r.aws.ConfigClusterResolver] - Resolving eureka endpoints via configuration
2026-06-17 11:34:31.526 [AsyncResolver-bootstrap-executor-%d] INFO  [c.n.d.s.r.aws.ConfigClusterResolver] - Resolving eureka endpoints via configuration
2026-06-17 11:39:31.530 [AsyncResolver-bootstrap-executor-%d] INFO  [c.n.d.s.r.aws.ConfigClusterResolver] - Resolving eureka endpoints via configuration
2026-06-17 11:44:31.532 [AsyncResolver-bootstrap-executor-%d] INFO  [c.n.d.s.r.aws.ConfigClusterResolver] - Resolving eureka endpoints via configuration
2026-06-17 11:49:31.541 [AsyncResolver-bootstrap-executor-%d] INFO  [c.n.d.s.r.aws.ConfigClusterResolver] - Resolving eureka endpoints via configuration
2026-06-17 11:54:31.549 [AsyncResolver-bootstrap-executor-%d] INFO  [c.n.d.s.r.aws.ConfigClusterResolver] - Resolving eureka endpoints via configuration
2026-06-17 11:59:31.563 [AsyncResolver-bootstrap-executor-%d] INFO  [c.n.d.s.r.aws.ConfigClusterResolver] - Resolving eureka endpoints via configuration
2026-06-17 12:04:31.579 [AsyncResolver-bootstrap-executor-%d] INFO  [c.n.d.s.r.aws.ConfigClusterResolver] - Resolving eureka endpoints via configuration
2026-06-17 12:09:31.592 [AsyncResolver-bootstrap-executor-%d] INFO  [c.n.d.s.r.aws.ConfigClusterResolver] - Resolving eureka endpoints via configuration
2026-06-17 12:14:31.603 [AsyncResolver-bootstrap-executor-%d] INFO  [c.n.d.s.r.aws.ConfigClusterResolver] - Resolving eureka endpoints via configuration
2026-06-17 12:19:31.611 [AsyncResolver-bootstrap-executor-%d] INFO  [c.n.d.s.r.aws.ConfigClusterResolver] - Resolving eureka endpoints via configuration
2026-06-17 12:24:31.619 [AsyncResolver-bootstrap-executor-%d] INFO  [c.n.d.s.r.aws.ConfigClusterResolver] - Resolving eureka endpoints via configuration
2026-06-17 12:29:31.665 [AsyncResolver-bootstrap-executor-%d] INFO  [c.n.d.s.r.aws.ConfigClusterResolver] - Resolving eureka endpoints via configuration
2026-06-17 12:31:08.801 [http-nio-8083-exec-6] INFO  [c.s.o.service.CartServiceImpl] - Fetching cart items for userId: 1
2026-06-17 12:31:08.823 [http-nio-8083-exec-5] INFO  [c.s.o.service.OrderServiceImpl] - Fetching top ordered pizza ids for userId: 1
2026-06-17 12:31:08.931 [http-nio-8083-exec-6] INFO  [c.s.o.service.CartServiceImpl] - Cart items fetched successfully. userId: 1, count: 1
2026-06-17 12:31:08.947 [http-nio-8083-exec-5] INFO  [c.s.o.service.OrderServiceImpl] - Top ordered pizza ids for userId 1: [1, 2, 3]
2026-06-17 12:31:08.970 [http-nio-8083-exec-8] INFO  [c.s.o.service.CartServiceImpl] - Fetching cart items for userId: 1
2026-06-17 12:31:08.977 [http-nio-8083-exec-8] INFO  [c.s.o.service.CartServiceImpl] - Cart items fetched successfully. userId: 1, count: 1
2026-06-17 12:31:09.088 [http-nio-8083-exec-9] INFO  [c.s.o.service.OrderServiceImpl] - Fetching top ordered pizza ids for userId: 1
2026-06-17 12:31:09.105 [http-nio-8083-exec-9] INFO  [c.s.o.service.OrderServiceImpl] - Top ordered pizza ids for userId 1: [1, 2, 3]
2026-06-17 12:34:31.669 [AsyncResolver-bootstrap-executor-%d] INFO  [c.n.d.s.r.aws.ConfigClusterResolver] - Resolving eureka endpoints via configuration
2026-06-17 12:39:31.682 [AsyncResolver-bootstrap-executor-%d] INFO  [c.n.d.s.r.aws.ConfigClusterResolver] - Resolving eureka endpoints via configuration
2026-06-17 12:44:31.691 [AsyncResolver-bootstrap-executor-%d] INFO  [c.n.d.s.r.aws.ConfigClusterResolver] - Resolving eureka endpoints via configuration
2026-06-17 12:46:45.344 [RMI TCP Connection(129)-127.0.0.1] INFO  [o.s.b.a.SpringApplicationAdminMXBeanRegistrar$SpringApplicationAdmin] - Application shutdown requested.
2026-06-17 12:46:45.402 [RMI TCP Connection(129)-127.0.0.1] INFO  [o.s.c.n.e.s.EurekaServiceRegistry] - Unregistering application ORDER-SERVICE with eureka with status DOWN
2026-06-17 12:46:45.404 [RMI TCP Connection(129)-127.0.0.1] INFO  [c.netflix.discovery.DiscoveryClient] - Saw local status change event StatusChangeEvent [timestamp=1781680605404, current=DOWN, previous=UP]
2026-06-17 12:46:45.405 [DiscoveryClient-InstanceInfoReplicator-%d] INFO  [c.netflix.discovery.DiscoveryClient] - DiscoveryClient_ORDER-SERVICE/order-service:8083: registering service...
2026-06-17 12:46:45.487 [DiscoveryClient-InstanceInfoReplicator-%d] INFO  [c.netflix.discovery.DiscoveryClient] - DiscoveryClient_ORDER-SERVICE/order-service:8083 - registration status: 204
2026-06-17 12:46:45.577 [RMI TCP Connection(129)-127.0.0.1] INFO  [o.s.b.w.e.tomcat.GracefulShutdown] - Commencing graceful shutdown. Waiting for active requests to complete
2026-06-17 12:46:45.620 [tomcat-shutdown] INFO  [o.s.b.w.e.tomcat.GracefulShutdown] - Graceful shutdown complete
2026-06-17 12:46:45.742 [RMI TCP Connection(129)-127.0.0.1] INFO  [o.s.o.j.LocalContainerEntityManagerFactoryBean] - Closing JPA EntityManagerFactory for persistence unit 'default'
2026-06-17 12:46:45.807 [RMI TCP Connection(129)-127.0.0.1] INFO  [com.zaxxer.hikari.HikariDataSource] - HikariPool-1 - Shutdown initiated...
2026-06-17 12:46:45.831 [RMI TCP Connection(129)-127.0.0.1] INFO  [com.zaxxer.hikari.HikariDataSource] - HikariPool-1 - Shutdown completed.
2026-06-17 12:46:45.839 [RMI TCP Connection(129)-127.0.0.1] INFO  [c.netflix.discovery.DiscoveryClient] - Shutting down DiscoveryClient ...
2026-06-17 12:46:48.843 [RMI TCP Connection(129)-127.0.0.1] INFO  [c.netflix.discovery.DiscoveryClient] - Unregistering ...
2026-06-17 12:46:48.901 [RMI TCP Connection(129)-127.0.0.1] INFO  [c.netflix.discovery.DiscoveryClient] - DiscoveryClient_ORDER-SERVICE/order-service:8083 - deregister  status: 200
2026-06-17 12:46:48.904 [RMI TCP Connection(129)-127.0.0.1] INFO  [c.netflix.discovery.DiscoveryClient] - Completed shut down of DiscoveryClient
2026-06-17 12:47:03.031 [main] INFO  [c.s.o.OrderServiceApplication] - Starting OrderServiceApplication using Java 22.0.2 with PID 32076 (C:\Java FDS 2026\Capstone Workspace\BACKEND\order-service\target\classes started by AR20696121 in C:\Java FDS 2026\Capstone Workspace\BACKEND\order-service)
2026-06-17 12:47:03.037 [main] INFO  [c.s.o.OrderServiceApplication] - No active profile set, falling back to 1 default profile: "default"
2026-06-17 12:47:06.989 [main] INFO  [o.s.d.r.c.RepositoryConfigurationDelegate] - Bootstrapping Spring Data JPA repositories in DEFAULT mode.
2026-06-17 12:47:07.623 [main] INFO  [o.s.d.r.c.RepositoryConfigurationDelegate] - Finished Spring Data repository scanning in 602 ms. Found 6 JPA repository interfaces.
2026-06-17 12:47:08.648 [main] INFO  [o.s.cloud.context.scope.GenericScope] - BeanFactory id=ac07111e-a909-33fe-8609-17dea9f5c8b3
2026-06-17 12:47:10.679 [main] INFO  [o.s.b.w.e.tomcat.TomcatWebServer] - Tomcat initialized with port 8083 (http)
2026-06-17 12:47:10.719 [main] INFO  [o.a.catalina.core.StandardService] - Starting service [Tomcat]
2026-06-17 12:47:10.720 [main] INFO  [o.a.catalina.core.StandardEngine] - Starting Servlet engine: [Apache Tomcat/10.1.55]
2026-06-17 12:47:11.006 [main] INFO  [o.a.c.c.C.[Tomcat].[localhost].[/]] - Initializing Spring embedded WebApplicationContext
2026-06-17 12:47:11.007 [main] INFO  [o.s.b.w.s.c.ServletWebServerApplicationContext] - Root WebApplicationContext: initialization completed in 7805 ms
2026-06-17 12:47:12.286 [main] INFO  [o.h.jpa.internal.util.LogHelper] - HHH000204: Processing PersistenceUnitInfo [name: default]
2026-06-17 12:47:12.582 [main] INFO  [org.hibernate.Version] - HHH000412: Hibernate ORM core version 6.6.53.Final
2026-06-17 12:47:12.745 [main] INFO  [o.h.c.i.RegionFactoryInitiator] - HHH000026: Second-level cache disabled
2026-06-17 12:47:14.325 [main] INFO  [o.s.o.j.p.SpringPersistenceUnitInfo] - No LoadTimeWeaver setup: ignoring JPA class transformer
2026-06-17 12:47:14.464 [main] INFO  [com.zaxxer.hikari.HikariDataSource] - HikariPool-1 - Starting...
2026-06-17 12:47:15.388 [main] INFO  [com.zaxxer.hikari.pool.HikariPool] - HikariPool-1 - Added connection com.mysql.cj.jdbc.ConnectionImpl@5318731f
2026-06-17 12:47:15.395 [main] INFO  [com.zaxxer.hikari.HikariDataSource] - HikariPool-1 - Start completed.
2026-06-17 12:47:15.720 [main] INFO  [o.hibernate.orm.connections.pooling] - HHH10001005: Database info:
	Database JDBC URL [Connecting through datasource 'HikariDataSource (HikariPool-1)']
	Database driver: undefined/unknown
	Database version: 8.4.9
	Autocommit mode: undefined/unknown
	Isolation level: undefined/unknown
	Minimum pool size: undefined/unknown
	Maximum pool size: undefined/unknown
2026-06-17 12:47:20.091 [main] INFO  [o.h.e.t.j.p.i.JtaPlatformInitiator] - HHH000489: No JTA platform available (set 'hibernate.transaction.jta.platform' to enable JTA platform integration)
2026-06-17 12:47:20.366 [main] INFO  [o.s.o.j.LocalContainerEntityManagerFactoryBean] - Initialized JPA EntityManagerFactory for persistence unit 'default'
2026-06-17 12:47:21.883 [main] WARN  [o.s.b.a.o.j.JpaBaseConfiguration$JpaWebConfiguration] - spring.jpa.open-in-view is enabled by default. Therefore, database queries may be performed during view rendering. Explicitly configure spring.jpa.open-in-view to disable this warning
2026-06-17 12:47:22.176 [main] INFO  [o.s.c.o.FeignClientFactoryBean] - For 'menu-service' URL not provided. Will try picking an instance via load-balancing.
2026-06-17 12:47:25.851 [main] INFO  [o.s.c.n.e.c.DiscoveryClientOptionalArgsConfiguration] - Eureka HTTP Client uses RestTemplate.
2026-06-17 12:47:25.967 [main] WARN  [o.s.c.l.c.LoadBalancerCacheAutoConfiguration$LoadBalancerCaffeineWarnLogger] - Spring Cloud LoadBalancer is currently working with the default cache. While this cache implementation is useful for development and tests, it's recommended to use Caffeine cache in production.You can switch to using Caffeine cache, by adding it and org.springframework.cache.caffeine.CaffeineCacheManager to the classpath.
2026-06-17 12:47:26.056 [main] INFO  [o.s.b.a.e.web.EndpointLinksResolver] - Exposing 2 endpoints beneath base path '/actuator'
2026-06-17 12:47:26.377 [main] INFO  [o.s.c.n.eureka.InstanceInfoFactory] - Setting initial instance status as: STARTING
2026-06-17 12:47:26.427 [main] INFO  [c.netflix.discovery.DiscoveryClient] - Initializing Eureka in region us-east-1
2026-06-17 12:47:26.437 [main] INFO  [c.n.d.s.r.aws.ConfigClusterResolver] - Resolving eureka endpoints via configuration
2026-06-17 12:47:26.457 [main] INFO  [c.netflix.discovery.DiscoveryClient] - Disable delta property : false
2026-06-17 12:47:26.458 [main] INFO  [c.netflix.discovery.DiscoveryClient] - Single vip registry refresh property : null
2026-06-17 12:47:26.458 [main] INFO  [c.netflix.discovery.DiscoveryClient] - Force full registry fetch : false
2026-06-17 12:47:26.458 [main] INFO  [c.netflix.discovery.DiscoveryClient] - Application is null : false
2026-06-17 12:47:26.458 [main] INFO  [c.netflix.discovery.DiscoveryClient] - Registered Applications size is zero : true
2026-06-17 12:47:26.459 [main] INFO  [c.netflix.discovery.DiscoveryClient] - Application version is -1: true
2026-06-17 12:47:26.459 [main] INFO  [c.netflix.discovery.DiscoveryClient] - Getting all instance registry info from the eureka server
2026-06-17 12:47:27.078 [main] INFO  [c.netflix.discovery.DiscoveryClient] - The response status is 200
2026-06-17 12:47:27.084 [main] INFO  [c.netflix.discovery.DiscoveryClient] - Starting heartbeat executor: renew interval is: 30
2026-06-17 12:47:27.089 [main] INFO  [c.n.discovery.InstanceInfoReplicator] - InstanceInfoReplicator onDemand update allowed rate per min is 4
2026-06-17 12:47:27.093 [main] INFO  [c.netflix.discovery.DiscoveryClient] - Discovery Client initialized at timestamp 1781680647091 with initial instances count: 5
2026-06-17 12:47:27.109 [main] INFO  [o.s.c.n.e.s.EurekaServiceRegistry] - Registering application ORDER-SERVICE with eureka with status UP
2026-06-17 12:47:27.111 [main] INFO  [c.netflix.discovery.DiscoveryClient] - Saw local status change event StatusChangeEvent [timestamp=1781680647111, current=UP, previous=STARTING]
2026-06-17 12:47:27.114 [DiscoveryClient-InstanceInfoReplicator-%d] INFO  [c.netflix.discovery.DiscoveryClient] - DiscoveryClient_ORDER-SERVICE/order-service:8083: registering service...
2026-06-17 12:47:27.177 [main] INFO  [o.s.b.w.e.tomcat.TomcatWebServer] - Tomcat started on port 8083 (http) with context path '/'
2026-06-17 12:47:27.178 [main] INFO  [o.s.c.n.e.s.EurekaAutoServiceRegistration] - Updating port to 8083
2026-06-17 12:47:27.178 [DiscoveryClient-InstanceInfoReplicator-%d] INFO  [c.netflix.discovery.DiscoveryClient] - DiscoveryClient_ORDER-SERVICE/order-service:8083 - registration status: 204
2026-06-17 12:47:27.237 [main] INFO  [c.s.o.OrderServiceApplication] - Started OrderServiceApplication in 25.817 seconds (process running for 28.141)
2026-06-17 12:47:27.258 [main] WARN  [o.s.c.events.SpringDocAppInitializer] - SpringDoc /v3/api-docs endpoint is enabled by default. To disable it in production, set the property 'springdoc.api-docs.enabled=false'
2026-06-17 12:47:27.258 [main] WARN  [o.s.c.events.SpringDocAppInitializer] - SpringDoc /swagger-ui.html endpoint is enabled by default. To disable it in production, set the property 'springdoc.swagger-ui.enabled=false'
2026-06-17 12:47:28.044 [RMI TCP Connection(10)-127.0.0.1] INFO  [o.a.c.c.C.[Tomcat].[localhost].[/]] - Initializing Spring DispatcherServlet 'dispatcherServlet'
2026-06-17 12:47:28.044 [RMI TCP Connection(10)-127.0.0.1] INFO  [o.s.web.servlet.DispatcherServlet] - Initializing Servlet 'dispatcherServlet'
2026-06-17 12:47:28.048 [RMI TCP Connection(10)-127.0.0.1] INFO  [o.s.web.servlet.DispatcherServlet] - Completed initialization in 2 ms
2026-06-17 12:52:26.467 [AsyncResolver-bootstrap-executor-%d] INFO  [c.n.d.s.r.aws.ConfigClusterResolver] - Resolving eureka endpoints via configuration
2026-06-17 12:57:26.479 [AsyncResolver-bootstrap-executor-%d] INFO  [c.n.d.s.r.aws.ConfigClusterResolver] - Resolving eureka endpoints via configuration
2026-06-17 13:02:26.486 [AsyncResolver-bootstrap-executor-%d] INFO  [c.n.d.s.r.aws.ConfigClusterResolver] - Resolving eureka endpoints via configuration
2026-06-17 13:03:28.075 [http-nio-8083-exec-1] INFO  [c.s.o.service.CartServiceImpl] - Fetching cart items for userId: 1
2026-06-17 13:03:28.110 [http-nio-8083-exec-1] INFO  [c.s.o.service.CartServiceImpl] - Cart items fetched successfully. userId: 1, count: 1
2026-06-17 13:03:28.141 [http-nio-8083-exec-2] INFO  [c.s.o.service.CartServiceImpl] - Fetching cart items for userId: 1
2026-06-17 13:03:28.149 [http-nio-8083-exec-2] INFO  [c.s.o.service.CartServiceImpl] - Cart items fetched successfully. userId: 1, count: 1
2026-06-17 13:03:28.209 [http-nio-8083-exec-3] INFO  [c.s.o.service.OrderServiceImpl] - Fetching top ordered pizza ids for userId: 1
2026-06-17 13:03:28.244 [http-nio-8083-exec-3] INFO  [c.s.o.service.OrderServiceImpl] - Top ordered pizza ids for userId 1: [1, 2, 3]
2026-06-17 13:03:28.353 [http-nio-8083-exec-5] INFO  [c.s.o.service.OrderServiceImpl] - Fetching top ordered pizza ids for userId: 1
2026-06-17 13:03:28.377 [http-nio-8083-exec-5] INFO  [c.s.o.service.OrderServiceImpl] - Top ordered pizza ids for userId 1: [1, 2, 3]
2026-06-17 13:07:12.652 [http-nio-8083-exec-7] INFO  [c.s.o.service.CartServiceImpl] - Add to cart request received. userId: 1, pizzaId: 5, quantity: 1
2026-06-17 13:07:12.778 [http-nio-8083-exec-7] INFO  [c.s.o.service.CartServiceImpl] - Pizza details fetched from menu-service. pizzaId: 5, pizzaName: Chicken Salami Pizza, available: true
2026-06-17 13:07:12.814 [http-nio-8083-exec-7] INFO  [c.s.o.service.CartServiceImpl] - Pizza not found in cart. Creating new cart item. userId: 1, pizzaId: 5
2026-06-17 13:07:13.206 [http-nio-8083-exec-7] INFO  [c.s.o.service.CartServiceImpl] - Cart item saved successfully. cartItemId: 30, userId: 1, pizzaId: 5, quantity: 1, totalPrice: 449.0
2026-06-17 13:07:13.241 [http-nio-8083-exec-8] INFO  [c.s.o.service.CartServiceImpl] - Fetching cart items for userId: 1
2026-06-17 13:07:13.248 [http-nio-8083-exec-8] INFO  [c.s.o.service.CartServiceImpl] - Cart items fetched successfully. userId: 1, count: 2
2026-06-17 13:07:15.790 [http-nio-8083-exec-9] INFO  [c.s.o.service.CartServiceImpl] - Update cart item request received. cartItemId: 30, newQuantity: 2
2026-06-17 13:07:15.850 [http-nio-8083-exec-9] INFO  [c.s.o.service.CartServiceImpl] - Cart item found. cartItemId: 30, oldQuantity: 1
2026-06-17 13:07:15.928 [http-nio-8083-exec-9] INFO  [c.s.o.service.CartServiceImpl] - Cart item updated successfully. cartItemId: 30, quantity: 2, totalPrice: 898.0
2026-06-17 13:07:15.946 [http-nio-8083-exec-10] INFO  [c.s.o.service.CartServiceImpl] - Fetching cart items for userId: 1
2026-06-17 13:07:15.952 [http-nio-8083-exec-10] INFO  [c.s.o.service.CartServiceImpl] - Cart items fetched successfully. userId: 1, count: 2
2026-06-17 13:07:18.588 [http-nio-8083-exec-1] INFO  [c.s.o.service.CartServiceImpl] - Fetching cart items for userId: 1
2026-06-17 13:07:18.594 [http-nio-8083-exec-1] INFO  [c.s.o.service.CartServiceImpl] - Cart items fetched successfully. userId: 1, count: 2
2026-06-17 13:07:18.607 [http-nio-8083-exec-2] INFO  [c.s.o.service.CartServiceImpl] - Fetching cart items for userId: 1
2026-06-17 13:07:18.613 [http-nio-8083-exec-2] INFO  [c.s.o.service.CartServiceImpl] - Cart items fetched successfully. userId: 1, count: 2
2026-06-17 13:07:21.491 [http-nio-8083-exec-3] INFO  [c.s.o.service.CartServiceImpl] - Fetching cart items for userId: 1
2026-06-17 13:07:21.498 [http-nio-8083-exec-3] INFO  [c.s.o.service.CartServiceImpl] - Cart items fetched successfully. userId: 1, count: 2
2026-06-17 13:07:21.510 [http-nio-8083-exec-5] INFO  [c.s.o.service.CartServiceImpl] - Fetching cart items for userId: 1
2026-06-17 13:07:21.516 [http-nio-8083-exec-5] INFO  [c.s.o.service.CartServiceImpl] - Cart items fetched successfully. userId: 1, count: 2
2026-06-17 13:07:22.188 [http-nio-8083-exec-4] INFO  [c.s.o.service.CartServiceImpl] - Fetching cart items for userId: 1
2026-06-17 13:07:22.196 [http-nio-8083-exec-4] INFO  [c.s.o.service.CartServiceImpl] - Cart items fetched successfully. userId: 1, count: 2
2026-06-17 13:07:22.205 [http-nio-8083-exec-6] INFO  [c.s.o.service.CartServiceImpl] - Fetching cart items for userId: 1
2026-06-17 13:07:22.212 [http-nio-8083-exec-6] INFO  [c.s.o.service.CartServiceImpl] - Cart items fetched successfully. userId: 1, count: 2
2026-06-17 13:07:25.336 [http-nio-8083-exec-7] INFO  [c.s.o.service.CartServiceImpl] - Fetching cart items for userId: 1
2026-06-17 13:07:25.340 [http-nio-8083-exec-7] INFO  [c.s.o.service.CartServiceImpl] - Cart items fetched successfully. userId: 1, count: 2
2026-06-17 13:07:25.351 [http-nio-8083-exec-8] INFO  [c.s.o.service.CartServiceImpl] - Fetching cart items for userId: 1
2026-06-17 13:07:25.356 [http-nio-8083-exec-8] INFO  [c.s.o.service.CartServiceImpl] - Cart items fetched successfully. userId: 1, count: 2
2026-06-17 13:07:26.499 [AsyncResolver-bootstrap-executor-%d] INFO  [c.n.d.s.r.aws.ConfigClusterResolver] - Resolving eureka endpoints via configuration
2026-06-17 13:07:42.935 [http-nio-8083-exec-9] INFO  [c.s.o.service.OrderServiceImpl] - Placing order request received for userId: 1
2026-06-17 13:07:42.940 [http-nio-8083-exec-9] INFO  [c.s.o.service.OrderServiceImpl] - Cart items found for userId 1: 2
2026-06-17 13:07:42.941 [http-nio-8083-exec-9] INFO  [c.s.o.service.OrderServiceImpl] - Calculated subtotal for userId 1: 1038.0
2026-06-17 13:07:42.941 [http-nio-8083-exec-9] INFO  [c.s.o.service.OrderServiceImpl] - Final order amount calculated for userId 1: 1038.0
2026-06-17 13:07:42.996 [http-nio-8083-exec-9] INFO  [c.s.o.service.OrderServiceImpl] - Order created successfully. orderId: 11, userId: 1, totalAmount: 1038.0
2026-06-17 13:07:43.059 [http-nio-8083-exec-9] INFO  [c.s.o.service.OrderServiceImpl] - Delivery partner auto-assigned. orderId: 11, partnerId: 1, partnerName: Rahul Kumar
2026-06-17 13:07:43.079 [http-nio-8083-exec-9] INFO  [c.s.o.service.OrderServiceImpl] - Cart cleared after order placement. userId: 1
2026-06-17 13:07:43.079 [http-nio-8083-exec-9] INFO  [c.s.o.service.OrderServiceImpl] - Order placement completed successfully. orderId: 11, userId: 1
2026-06-17 13:07:57.936 [http-nio-8083-exec-10] INFO  [c.s.o.service.CartServiceImpl] - Fetching cart items for userId: 1
2026-06-17 13:07:57.944 [http-nio-8083-exec-10] INFO  [c.s.o.service.CartServiceImpl] - Cart items fetched successfully. userId: 1, count: 0
2026-06-17 13:07:57.955 [http-nio-8083-exec-1] INFO  [c.s.o.service.CartServiceImpl] - Fetching cart items for userId: 1
2026-06-17 13:07:57.961 [http-nio-8083-exec-1] INFO  [c.s.o.service.CartServiceImpl] - Cart items fetched successfully. userId: 1, count: 0
2026-06-17 13:07:57.975 [http-nio-8083-exec-2] INFO  [c.s.o.service.OrderServiceImpl] - Fetching top ordered pizza ids for userId: 1
2026-06-17 13:07:57.999 [http-nio-8083-exec-2] INFO  [c.s.o.service.OrderServiceImpl] - Top ordered pizza ids for userId 1: [1, 3, 2, 5]
2026-06-17 13:07:58.082 [http-nio-8083-exec-3] INFO  [c.s.o.service.OrderServiceImpl] - Fetching top ordered pizza ids for userId: 1
2026-06-17 13:07:58.110 [http-nio-8083-exec-3] INFO  [c.s.o.service.OrderServiceImpl] - Top ordered pizza ids for userId 1: [1, 3, 2, 5]
2026-06-17 13:08:10.001 [http-nio-8083-exec-5] INFO  [c.s.o.service.OrderServiceImpl] - Fetching orders for userId: 1
2026-06-17 13:08:10.021 [http-nio-8083-exec-5] INFO  [c.s.o.service.OrderServiceImpl] - Orders fetched successfully for userId: 1, count: 5
2026-06-17 13:08:10.030 [http-nio-8083-exec-4] INFO  [c.s.o.service.OrderServiceImpl] - Fetching orders for userId: 1
2026-06-17 13:08:10.046 [http-nio-8083-exec-4] INFO  [c.s.o.service.OrderServiceImpl] - Orders fetched successfully for userId: 1, count: 5
2026-06-17 13:12:26.511 [AsyncResolver-bootstrap-executor-%d] INFO  [c.n.d.s.r.aws.ConfigClusterResolver] - Resolving eureka endpoints via configuration
2026-06-17 13:17:26.514 [AsyncResolver-bootstrap-executor-%d] INFO  [c.n.d.s.r.aws.ConfigClusterResolver] - Resolving eureka endpoints via configuration
2026-06-17 13:22:26.520 [AsyncResolver-bootstrap-executor-%d] INFO  [c.n.d.s.r.aws.ConfigClusterResolver] - Resolving eureka endpoints via configuration
2026-06-17 13:27:26.532 [AsyncResolver-bootstrap-executor-%d] INFO  [c.n.d.s.r.aws.ConfigClusterResolver] - Resolving eureka endpoints via configuration
2026-06-17 13:32:26.537 [AsyncResolver-bootstrap-executor-%d] INFO  [c.n.d.s.r.aws.ConfigClusterResolver] - Resolving eureka endpoints via configuration
2026-06-17 13:37:26.543 [AsyncResolver-bootstrap-executor-%d] INFO  [c.n.d.s.r.aws.ConfigClusterResolver] - Resolving eureka endpoints via configuration
2026-06-17 13:42:26.611 [AsyncResolver-bootstrap-executor-%d] INFO  [c.n.d.s.r.aws.ConfigClusterResolver] - Resolving eureka endpoints via configuration
2026-06-17 13:47:26.629 [AsyncResolver-bootstrap-executor-%d] INFO  [c.n.d.s.r.aws.ConfigClusterResolver] - Resolving eureka endpoints via configuration
2026-06-17 13:52:26.704 [AsyncResolver-bootstrap-executor-%d] INFO  [c.n.d.s.r.aws.ConfigClusterResolver] - Resolving eureka endpoints via configuration
2026-06-17 13:57:26.728 [AsyncResolver-bootstrap-executor-%d] INFO  [c.n.d.s.r.aws.ConfigClusterResolver] - Resolving eureka endpoints via configuration
2026-06-17 14:02:26.742 [AsyncResolver-bootstrap-executor-%d] INFO  [c.n.d.s.r.aws.ConfigClusterResolver] - Resolving eureka endpoints via configuration
2026-06-17 14:03:17.817 [http-nio-8083-exec-8] INFO  [c.s.o.service.CartServiceImpl] - Fetching cart items for userId: 1
2026-06-17 14:03:17.848 [http-nio-8083-exec-9] INFO  [c.s.o.service.OrderServiceImpl] - Fetching top ordered pizza ids for userId: 1
2026-06-17 14:03:17.881 [http-nio-8083-exec-8] INFO  [c.s.o.service.CartServiceImpl] - Cart items fetched successfully. userId: 1, count: 0
2026-06-17 14:03:17.896 [http-nio-8083-exec-10] INFO  [c.s.o.service.CartServiceImpl] - Fetching cart items for userId: 1
2026-06-17 14:03:17.900 [http-nio-8083-exec-10] INFO  [c.s.o.service.CartServiceImpl] - Cart items fetched successfully. userId: 1, count: 0
2026-06-17 14:03:17.902 [http-nio-8083-exec-9] INFO  [c.s.o.service.OrderServiceImpl] - Top ordered pizza ids for userId 1: [1, 3, 2, 5]
2026-06-17 14:03:18.002 [http-nio-8083-exec-1] INFO  [c.s.o.service.OrderServiceImpl] - Fetching top ordered pizza ids for userId: 1
2026-06-17 14:03:18.020 [http-nio-8083-exec-1] INFO  [c.s.o.service.OrderServiceImpl] - Top ordered pizza ids for userId 1: [1, 3, 2, 5]
2026-06-17 14:03:37.196 [http-nio-8083-exec-2] INFO  [c.s.o.service.CartServiceImpl] - Fetching cart items for userId: 1
2026-06-17 14:03:37.203 [http-nio-8083-exec-3] INFO  [c.s.o.service.OrderServiceImpl] - Fetching top ordered pizza ids for userId: 1
2026-06-17 14:03:37.204 [http-nio-8083-exec-2] INFO  [c.s.o.service.CartServiceImpl] - Cart items fetched successfully. userId: 1, count: 0
2026-06-17 14:03:37.214 [http-nio-8083-exec-5] INFO  [c.s.o.service.CartServiceImpl] - Fetching cart items for userId: 1
2026-06-17 14:03:37.219 [http-nio-8083-exec-5] INFO  [c.s.o.service.CartServiceImpl] - Cart items fetched successfully. userId: 1, count: 0
2026-06-17 14:03:37.224 [http-nio-8083-exec-3] INFO  [c.s.o.service.OrderServiceImpl] - Top ordered pizza ids for userId 1: [1, 3, 2, 5]
2026-06-17 14:03:37.282 [http-nio-8083-exec-4] INFO  [c.s.o.service.OrderServiceImpl] - Fetching top ordered pizza ids for userId: 1
2026-06-17 14:03:37.301 [http-nio-8083-exec-4] INFO  [c.s.o.service.OrderServiceImpl] - Top ordered pizza ids for userId 1: [1, 3, 2, 5]
2026-06-17 14:03:42.325 [http-nio-8083-exec-6] INFO  [c.s.o.service.CartServiceImpl] - Add to cart request received. userId: 1, pizzaId: 1, quantity: 1
2026-06-17 14:03:42.353 [http-nio-8083-exec-6] INFO  [c.s.o.service.CartServiceImpl] - Pizza details fetched from menu-service. pizzaId: 1, pizzaName: Farmhouse Pizza, available: true
2026-06-17 14:03:42.360 [http-nio-8083-exec-6] INFO  [c.s.o.service.CartServiceImpl] - Pizza not found in cart. Creating new cart item. userId: 1, pizzaId: 1
2026-06-17 14:03:42.379 [http-nio-8083-exec-6] INFO  [c.s.o.service.CartServiceImpl] - Cart item saved successfully. cartItemId: 31, userId: 1, pizzaId: 1, quantity: 1, totalPrice: 349.0
2026-06-17 14:03:42.394 [http-nio-8083-exec-7] INFO  [c.s.o.service.CartServiceImpl] - Fetching cart items for userId: 1
2026-06-17 14:03:42.401 [http-nio-8083-exec-7] INFO  [c.s.o.service.CartServiceImpl] - Cart items fetched successfully. userId: 1, count: 1
2026-06-17 14:03:43.548 [http-nio-8083-exec-8] INFO  [c.s.o.service.CartServiceImpl] - Add to cart request received. userId: 1, pizzaId: 3, quantity: 1
2026-06-17 14:03:43.600 [http-nio-8083-exec-8] INFO  [c.s.o.service.CartServiceImpl] - Pizza details fetched from menu-service. pizzaId: 3, pizzaName: Coca Cola, available: true
2026-06-17 14:03:43.605 [http-nio-8083-exec-8] INFO  [c.s.o.service.CartServiceImpl] - Pizza not found in cart. Creating new cart item. userId: 1, pizzaId: 3
2026-06-17 14:03:43.614 [http-nio-8083-exec-8] INFO  [c.s.o.service.CartServiceImpl] - Cart item saved successfully. cartItemId: 32, userId: 1, pizzaId: 3, quantity: 1, totalPrice: 70.0
2026-06-17 14:03:43.626 [http-nio-8083-exec-10] INFO  [c.s.o.service.CartServiceImpl] - Fetching cart items for userId: 1
2026-06-17 14:03:43.630 [http-nio-8083-exec-10] INFO  [c.s.o.service.CartServiceImpl] - Cart items fetched successfully. userId: 1, count: 2
2026-06-17 14:03:46.957 [http-nio-8083-exec-9] INFO  [c.s.o.service.CartServiceImpl] - Fetching cart items for userId: 1
2026-06-17 14:03:46.963 [http-nio-8083-exec-9] INFO  [c.s.o.service.CartServiceImpl] - Cart items fetched successfully. userId: 1, count: 2
2026-06-17 14:03:46.972 [http-nio-8083-exec-1] INFO  [c.s.o.service.CartServiceImpl] - Fetching cart items for userId: 1
2026-06-17 14:03:46.976 [http-nio-8083-exec-1] INFO  [c.s.o.service.CartServiceImpl] - Cart items fetched successfully. userId: 1, count: 2
2026-06-17 14:03:51.249 [http-nio-8083-exec-2] INFO  [c.s.o.service.CartServiceImpl] - Fetching cart items for userId: 1
2026-06-17 14:03:51.254 [http-nio-8083-exec-2] INFO  [c.s.o.service.CartServiceImpl] - Cart items fetched successfully. userId: 1, count: 2
2026-06-17 14:03:51.262 [http-nio-8083-exec-5] INFO  [c.s.o.service.CartServiceImpl] - Fetching cart items for userId: 1
2026-06-17 14:03:51.269 [http-nio-8083-exec-5] INFO  [c.s.o.service.CartServiceImpl] - Cart items fetched successfully. userId: 1, count: 2
2026-06-17 14:04:19.551 [http-nio-8083-exec-3] INFO  [c.s.o.service.OrderServiceImpl] - Placing order request received for userId: 1
2026-06-17 14:04:19.555 [http-nio-8083-exec-3] INFO  [c.s.o.service.OrderServiceImpl] - Cart items found for userId 1: 2
2026-06-17 14:04:19.556 [http-nio-8083-exec-3] INFO  [c.s.o.service.OrderServiceImpl] - Calculated subtotal for userId 1: 419.0
2026-06-17 14:04:19.556 [http-nio-8083-exec-3] INFO  [c.s.o.service.OrderServiceImpl] - Coupon code applied by userId 1: SAVE10
2026-06-17 14:04:19.578 [http-nio-8083-exec-3] INFO  [c.s.o.service.OrderServiceImpl] - Coupon applied successfully. userId: 1, couponCode: SAVE10, discountAmount: 41.9
2026-06-17 14:04:19.578 [http-nio-8083-exec-3] INFO  [c.s.o.service.OrderServiceImpl] - Final order amount calculated for userId 1: 377.1
2026-06-17 14:04:19.590 [http-nio-8083-exec-3] INFO  [c.s.o.service.OrderServiceImpl] - Order created successfully. orderId: 12, userId: 1, totalAmount: 377.1
2026-06-17 14:04:19.598 [http-nio-8083-exec-3] WARN  [c.s.o.service.OrderServiceImpl] - No available delivery partner found in Bengaluru for orderId: 12
2026-06-17 14:07:26.754 [AsyncResolver-bootstrap-executor-%d] INFO  [c.n.d.s.r.aws.ConfigClusterResolver] - Resolving eureka endpoints via configuration
2026-06-17 14:12:26.772 [AsyncResolver-bootstrap-executor-%d] INFO  [c.n.d.s.r.aws.ConfigClusterResolver] - Resolving eureka endpoints via configuration
2026-06-17 14:15:12.590 [http-nio-8083-exec-8] INFO  [c.s.o.service.CartServiceImpl] - Fetching cart items for userId: 1
2026-06-17 14:15:12.605 [http-nio-8083-exec-8] INFO  [c.s.o.service.CartServiceImpl] - Cart items fetched successfully. userId: 1, count: 2
2026-06-17 14:15:12.617 [http-nio-8083-exec-10] INFO  [c.s.o.service.CartServiceImpl] - Fetching cart items for userId: 1
2026-06-17 14:15:12.622 [http-nio-8083-exec-10] INFO  [c.s.o.service.CartServiceImpl] - Cart items fetched successfully. userId: 1, count: 2
2026-06-17 14:15:12.633 [http-nio-8083-exec-9] INFO  [c.s.o.service.OrderServiceImpl] - Fetching top ordered pizza ids for userId: 1
2026-06-17 14:15:12.656 [http-nio-8083-exec-9] INFO  [c.s.o.service.OrderServiceImpl] - Top ordered pizza ids for userId 1: [1, 3, 2, 5]
2026-06-17 14:15:12.726 [http-nio-8083-exec-1] INFO  [c.s.o.service.OrderServiceImpl] - Fetching top ordered pizza ids for userId: 1
2026-06-17 14:15:12.746 [http-nio-8083-exec-1] INFO  [c.s.o.service.OrderServiceImpl] - Top ordered pizza ids for userId 1: [1, 3, 2, 5]
2026-06-17 14:17:26.782 [AsyncResolver-bootstrap-executor-%d] INFO  [c.n.d.s.r.aws.ConfigClusterResolver] - Resolving eureka endpoints via configuration
2026-06-17 14:17:30.847 [http-nio-8083-exec-3] INFO  [c.s.o.service.CartServiceImpl] - Fetching cart items for userId: 6
2026-06-17 14:17:30.855 [http-nio-8083-exec-3] INFO  [c.s.o.service.CartServiceImpl] - Cart items fetched successfully. userId: 6, count: 0
2026-06-17 14:17:30.868 [http-nio-8083-exec-4] INFO  [c.s.o.service.OrderServiceImpl] - Fetching top ordered pizza ids for userId: 6
2026-06-17 14:17:30.869 [http-nio-8083-exec-6] INFO  [c.s.o.service.CartServiceImpl] - Fetching cart items for userId: 6
2026-06-17 14:17:30.875 [http-nio-8083-exec-4] INFO  [c.s.o.service.OrderServiceImpl] - Top ordered pizza ids for userId 6: []
2026-06-17 14:17:30.877 [http-nio-8083-exec-6] INFO  [c.s.o.service.CartServiceImpl] - Cart items fetched successfully. userId: 6, count: 0
2026-06-17 14:17:31.252 [http-nio-8083-exec-7] INFO  [c.s.o.service.OrderServiceImpl] - Fetching top ordered pizza ids for userId: 6
2026-06-17 14:17:31.262 [http-nio-8083-exec-7] INFO  [c.s.o.service.OrderServiceImpl] - Top ordered pizza ids for userId 6: []
2026-06-17 14:17:55.523 [http-nio-8083-exec-8] INFO  [c.s.o.service.CartServiceImpl] - Add to cart request received. userId: 6, pizzaId: 1, quantity: 1
2026-06-17 14:17:55.545 [http-nio-8083-exec-8] INFO  [c.s.o.service.CartServiceImpl] - Pizza details fetched from menu-service. pizzaId: 1, pizzaName: Farmhouse Pizza, available: true
2026-06-17 14:17:55.551 [http-nio-8083-exec-8] INFO  [c.s.o.service.CartServiceImpl] - Pizza not found in cart. Creating new cart item. userId: 6, pizzaId: 1
2026-06-17 14:17:55.565 [http-nio-8083-exec-8] INFO  [c.s.o.service.CartServiceImpl] - Cart item saved successfully. cartItemId: 33, userId: 6, pizzaId: 1, quantity: 1, totalPrice: 349.0
2026-06-17 14:17:55.584 [http-nio-8083-exec-10] INFO  [c.s.o.service.CartServiceImpl] - Fetching cart items for userId: 6
2026-06-17 14:17:55.591 [http-nio-8083-exec-10] INFO  [c.s.o.service.CartServiceImpl] - Cart items fetched successfully. userId: 6, count: 1
2026-06-17 14:17:56.485 [http-nio-8083-exec-9] INFO  [c.s.o.service.CartServiceImpl] - Add to cart request received. userId: 6, pizzaId: 3, quantity: 1
2026-06-17 14:17:56.494 [http-nio-8083-exec-9] INFO  [c.s.o.service.CartServiceImpl] - Pizza details fetched from menu-service. pizzaId: 3, pizzaName: Coca Cola, available: true
2026-06-17 14:17:56.500 [http-nio-8083-exec-9] INFO  [c.s.o.service.CartServiceImpl] - Pizza not found in cart. Creating new cart item. userId: 6, pizzaId: 3
2026-06-17 14:17:56.511 [http-nio-8083-exec-9] INFO  [c.s.o.service.CartServiceImpl] - Cart item saved successfully. cartItemId: 34, userId: 6, pizzaId: 3, quantity: 1, totalPrice: 70.0
2026-06-17 14:17:56.521 [http-nio-8083-exec-1] INFO  [c.s.o.service.CartServiceImpl] - Fetching cart items for userId: 6
2026-06-17 14:17:56.527 [http-nio-8083-exec-1] INFO  [c.s.o.service.CartServiceImpl] - Cart items fetched successfully. userId: 6, count: 2
2026-06-17 14:18:01.403 [http-nio-8083-exec-2] INFO  [c.s.o.service.CartServiceImpl] - Add to cart request received. userId: 6, pizzaId: 5, quantity: 1
2026-06-17 14:18:01.413 [http-nio-8083-exec-2] INFO  [c.s.o.service.CartServiceImpl] - Pizza details fetched from menu-service. pizzaId: 5, pizzaName: Chicken Salami Pizza, available: true
2026-06-17 14:18:01.418 [http-nio-8083-exec-2] INFO  [c.s.o.service.CartServiceImpl] - Pizza not found in cart. Creating new cart item. userId: 6, pizzaId: 5
2026-06-17 14:18:01.429 [http-nio-8083-exec-2] INFO  [c.s.o.service.CartServiceImpl] - Cart item saved successfully. cartItemId: 35, userId: 6, pizzaId: 5, quantity: 1, totalPrice: 449.0
2026-06-17 14:18:01.445 [http-nio-8083-exec-5] INFO  [c.s.o.service.CartServiceImpl] - Fetching cart items for userId: 6
2026-06-17 14:18:01.449 [http-nio-8083-exec-5] INFO  [c.s.o.service.CartServiceImpl] - Cart items fetched successfully. userId: 6, count: 3
2026-06-17 14:18:06.697 [http-nio-8083-exec-3] INFO  [c.s.o.service.CartServiceImpl] - Fetching cart items for userId: 6
2026-06-17 14:18:06.701 [http-nio-8083-exec-3] INFO  [c.s.o.service.CartServiceImpl] - Cart items fetched successfully. userId: 6, count: 3
2026-06-17 14:18:06.712 [http-nio-8083-exec-4] INFO  [c.s.o.service.CartServiceImpl] - Fetching cart items for userId: 6
2026-06-17 14:18:06.716 [http-nio-8083-exec-4] INFO  [c.s.o.service.CartServiceImpl] - Cart items fetched successfully. userId: 6, count: 3
2026-06-17 14:18:09.863 [http-nio-8083-exec-6] INFO  [c.s.o.service.CartServiceImpl] - Fetching cart items for userId: 6
2026-06-17 14:18:09.877 [http-nio-8083-exec-6] INFO  [c.s.o.service.CartServiceImpl] - Cart items fetched successfully. userId: 6, count: 3
2026-06-17 14:18:09.890 [http-nio-8083-exec-7] INFO  [c.s.o.service.CartServiceImpl] - Fetching cart items for userId: 6
2026-06-17 14:18:09.896 [http-nio-8083-exec-7] INFO  [c.s.o.service.CartServiceImpl] - Cart items fetched successfully. userId: 6, count: 3
2026-06-17 14:18:21.753 [http-nio-8083-exec-8] INFO  [c.s.o.service.OrderServiceImpl] - Placing order request received for userId: 6
2026-06-17 14:18:21.758 [http-nio-8083-exec-8] INFO  [c.s.o.service.OrderServiceImpl] - Cart items found for userId 6: 3
2026-06-17 14:18:21.759 [http-nio-8083-exec-8] INFO  [c.s.o.service.OrderServiceImpl] - Calculated subtotal for userId 6: 868.0
2026-06-17 14:18:21.759 [http-nio-8083-exec-8] INFO  [c.s.o.service.OrderServiceImpl] - Final order amount calculated for userId 6: 868.0
2026-06-17 14:18:21.770 [http-nio-8083-exec-8] INFO  [c.s.o.service.OrderServiceImpl] - Order created successfully. orderId: 13, userId: 6, totalAmount: 868.0
2026-06-17 14:18:21.780 [http-nio-8083-exec-8] WARN  [c.s.o.service.OrderServiceImpl] - No available delivery partner found in Bengaluru for orderId: 13
2026-06-17 14:18:25.074 [http-nio-8083-exec-10] INFO  [c.s.o.service.CartServiceImpl] - Fetching cart items for userId: 6
2026-06-17 14:18:25.078 [http-nio-8083-exec-10] INFO  [c.s.o.service.CartServiceImpl] - Cart items fetched successfully. userId: 6, count: 3
2026-06-17 14:18:25.087 [http-nio-8083-exec-9] INFO  [c.s.o.service.CartServiceImpl] - Fetching cart items for userId: 6
2026-06-17 14:18:25.091 [http-nio-8083-exec-9] INFO  [c.s.o.service.CartServiceImpl] - Cart items fetched successfully. userId: 6, count: 3
2026-06-17 14:20:11.805 [http-nio-8083-exec-2] INFO  [c.s.o.service.CartServiceImpl] - Fetching cart items for userId: 1
2026-06-17 14:20:11.811 [http-nio-8083-exec-2] INFO  [c.s.o.service.CartServiceImpl] - Cart items fetched successfully. userId: 1, count: 2
2026-06-17 14:20:11.821 [http-nio-8083-exec-5] INFO  [c.s.o.service.CartServiceImpl] - Fetching cart items for userId: 1
2026-06-17 14:20:11.825 [http-nio-8083-exec-5] INFO  [c.s.o.service.CartServiceImpl] - Cart items fetched successfully. userId: 1, count: 2
2026-06-17 14:20:11.828 [http-nio-8083-exec-3] INFO  [c.s.o.service.OrderServiceImpl] - Fetching top ordered pizza ids for userId: 1
2026-06-17 14:20:11.844 [http-nio-8083-exec-3] INFO  [c.s.o.service.OrderServiceImpl] - Top ordered pizza ids for userId 1: [1, 3, 2, 5]
2026-06-17 14:20:11.893 [http-nio-8083-exec-6] INFO  [c.s.o.service.OrderServiceImpl] - Fetching top ordered pizza ids for userId: 1
2026-06-17 14:20:11.907 [http-nio-8083-exec-6] INFO  [c.s.o.service.OrderServiceImpl] - Top ordered pizza ids for userId 1: [1, 3, 2, 5]
2026-06-17 14:20:16.678 [http-nio-8083-exec-7] INFO  [c.s.o.service.CartServiceImpl] - Remove cart item request received. cartItemId: 32
2026-06-17 14:20:16.705 [http-nio-8083-exec-7] INFO  [c.s.o.service.CartServiceImpl] - Cart item removed successfully. cartItemId: 32
2026-06-17 14:20:16.723 [http-nio-8083-exec-8] INFO  [c.s.o.service.CartServiceImpl] - Fetching cart items for userId: 1
2026-06-17 14:20:16.728 [http-nio-8083-exec-8] INFO  [c.s.o.service.CartServiceImpl] - Cart items fetched successfully. userId: 1, count: 1
2026-06-17 14:20:17.607 [http-nio-8083-exec-10] INFO  [c.s.o.service.CartServiceImpl] - Remove cart item request received. cartItemId: 31
2026-06-17 14:20:17.621 [http-nio-8083-exec-10] INFO  [c.s.o.service.CartServiceImpl] - Cart item removed successfully. cartItemId: 31
2026-06-17 14:20:17.637 [http-nio-8083-exec-4] INFO  [c.s.o.service.CartServiceImpl] - Fetching cart items for userId: 1
2026-06-17 14:20:17.641 [http-nio-8083-exec-4] INFO  [c.s.o.service.CartServiceImpl] - Cart items fetched successfully. userId: 1, count: 0
2026-06-17 14:20:18.467 [http-nio-8083-exec-9] INFO  [c.s.o.service.CartServiceImpl] - Add to cart request received. userId: 1, pizzaId: 1, quantity: 1
2026-06-17 14:20:18.521 [http-nio-8083-exec-9] INFO  [c.s.o.service.CartServiceImpl] - Pizza details fetched from menu-service. pizzaId: 1, pizzaName: Farmhouse Pizza, available: true
2026-06-17 14:20:18.525 [http-nio-8083-exec-9] INFO  [c.s.o.service.CartServiceImpl] - Pizza not found in cart. Creating new cart item. userId: 1, pizzaId: 1
2026-06-17 14:20:18.535 [http-nio-8083-exec-9] INFO  [c.s.o.service.CartServiceImpl] - Cart item saved successfully. cartItemId: 36, userId: 1, pizzaId: 1, quantity: 1, totalPrice: 349.0
2026-06-17 14:20:18.545 [http-nio-8083-exec-1] INFO  [c.s.o.service.CartServiceImpl] - Fetching cart items for userId: 1
2026-06-17 14:20:18.550 [http-nio-8083-exec-1] INFO  [c.s.o.service.CartServiceImpl] - Cart items fetched successfully. userId: 1, count: 1
2026-06-17 14:21:34.078 [http-nio-8083-exec-6] INFO  [c.s.o.service.CartServiceImpl] - Fetching cart items for userId: 1
2026-06-17 14:21:34.088 [http-nio-8083-exec-6] INFO  [c.s.o.service.CartServiceImpl] - Cart items fetched successfully. userId: 1, count: 1
2026-06-17 14:21:34.095 [http-nio-8083-exec-7] INFO  [c.s.o.service.OrderServiceImpl] - Fetching top ordered pizza ids for userId: 1
2026-06-17 14:21:34.100 [http-nio-8083-exec-8] INFO  [c.s.o.service.CartServiceImpl] - Fetching cart items for userId: 1
2026-06-17 14:21:34.109 [http-nio-8083-exec-8] INFO  [c.s.o.service.CartServiceImpl] - Cart items fetched successfully. userId: 1, count: 1
2026-06-17 14:21:34.114 [http-nio-8083-exec-7] INFO  [c.s.o.service.OrderServiceImpl] - Top ordered pizza ids for userId 1: [1, 3, 2, 5]
2026-06-17 14:21:34.178 [http-nio-8083-exec-10] INFO  [c.s.o.service.OrderServiceImpl] - Fetching top ordered pizza ids for userId: 1
2026-06-17 14:21:34.193 [http-nio-8083-exec-10] INFO  [c.s.o.service.OrderServiceImpl] - Top ordered pizza ids for userId 1: [1, 3, 2, 5]
2026-06-17 14:21:36.684 [http-nio-8083-exec-4] INFO  [c.s.o.service.CartServiceImpl] - Remove cart item request received. cartItemId: 36
2026-06-17 14:21:36.742 [http-nio-8083-exec-4] INFO  [c.s.o.service.CartServiceImpl] - Cart item removed successfully. cartItemId: 36
2026-06-17 14:21:36.754 [http-nio-8083-exec-9] INFO  [c.s.o.service.CartServiceImpl] - Fetching cart items for userId: 1
2026-06-17 14:21:36.758 [http-nio-8083-exec-9] INFO  [c.s.o.service.CartServiceImpl] - Cart items fetched successfully. userId: 1, count: 0
2026-06-17 14:21:37.582 [http-nio-8083-exec-1] INFO  [c.s.o.service.CartServiceImpl] - Add to cart request received. userId: 1, pizzaId: 1, quantity: 1
2026-06-17 14:21:37.600 [http-nio-8083-exec-1] INFO  [c.s.o.service.CartServiceImpl] - Pizza details fetched from menu-service. pizzaId: 1, pizzaName: Farmhouse Pizza, available: true
2026-06-17 14:21:37.606 [http-nio-8083-exec-1] INFO  [c.s.o.service.CartServiceImpl] - Pizza not found in cart. Creating new cart item. userId: 1, pizzaId: 1
2026-06-17 14:21:37.617 [http-nio-8083-exec-1] INFO  [c.s.o.service.CartServiceImpl] - Cart item saved successfully. cartItemId: 37, userId: 1, pizzaId: 1, quantity: 1, totalPrice: 349.0
2026-06-17 14:21:37.630 [http-nio-8083-exec-2] INFO  [c.s.o.service.CartServiceImpl] - Fetching cart items for userId: 1
2026-06-17 14:21:37.635 [http-nio-8083-exec-2] INFO  [c.s.o.service.CartServiceImpl] - Cart items fetched successfully. userId: 1, count: 1
2026-06-17 14:22:26.792 [AsyncResolver-bootstrap-executor-%d] INFO  [c.n.d.s.r.aws.ConfigClusterResolver] - Resolving eureka endpoints via configuration
2026-06-17 14:27:26.811 [AsyncResolver-bootstrap-executor-%d] INFO  [c.n.d.s.r.aws.ConfigClusterResolver] - Resolving eureka endpoints via configuration
2026-06-17 14:32:26.874 [AsyncResolver-bootstrap-executor-%d] INFO  [c.n.d.s.r.aws.ConfigClusterResolver] - Resolving eureka endpoints via configuration
2026-06-17 14:37:26.886 [AsyncResolver-bootstrap-executor-%d] INFO  [c.n.d.s.r.aws.ConfigClusterResolver] - Resolving eureka endpoints via configuration
2026-06-17 14:42:26.944 [AsyncResolver-bootstrap-executor-%d] INFO  [c.n.d.s.r.aws.ConfigClusterResolver] - Resolving eureka endpoints via configuration
2026-06-17 14:47:26.967 [AsyncResolver-bootstrap-executor-%d] INFO  [c.n.d.s.r.aws.ConfigClusterResolver] - Resolving eureka endpoints via configuration
2026-06-17 14:52:27.022 [AsyncResolver-bootstrap-executor-%d] INFO  [c.n.d.s.r.aws.ConfigClusterResolver] - Resolving eureka endpoints via configuration
2026-06-17 14:57:27.041 [AsyncResolver-bootstrap-executor-%d] INFO  [c.n.d.s.r.aws.ConfigClusterResolver] - Resolving eureka endpoints via configuration
2026-06-17 15:02:27.053 [AsyncResolver-bootstrap-executor-%d] INFO  [c.n.d.s.r.aws.ConfigClusterResolver] - Resolving eureka endpoints via configuration
2026-06-17 15:07:27.073 [AsyncResolver-bootstrap-executor-%d] INFO  [c.n.d.s.r.aws.ConfigClusterResolver] - Resolving eureka endpoints via configuration
2026-06-17 15:12:27.133 [AsyncResolver-bootstrap-executor-%d] INFO  [c.n.d.s.r.aws.ConfigClusterResolver] - Resolving eureka endpoints via configuration
2026-06-17 15:17:27.175 [AsyncResolver-bootstrap-executor-%d] INFO  [c.n.d.s.r.aws.ConfigClusterResolver] - Resolving eureka endpoints via configuration
2026-06-17 15:22:27.188 [AsyncResolver-bootstrap-executor-%d] INFO  [c.n.d.s.r.aws.ConfigClusterResolver] - Resolving eureka endpoints via configuration
2026-06-17 15:26:37.337 [http-nio-8083-exec-6] INFO  [c.s.o.service.CartServiceImpl] - Fetching cart items for userId: 1
2026-06-17 15:26:37.499 [http-nio-8083-exec-8] INFO  [c.s.o.service.OrderServiceImpl] - Fetching top ordered pizza ids for userId: 1
2026-06-17 15:26:37.556 [http-nio-8083-exec-6] INFO  [c.s.o.service.CartServiceImpl] - Cart items fetched successfully. userId: 1, count: 1
2026-06-17 15:26:37.587 [http-nio-8083-exec-8] INFO  [c.s.o.service.OrderServiceImpl] - Top ordered pizza ids for userId 1: [1, 3, 2, 5]
2026-06-17 15:26:37.618 [http-nio-8083-exec-7] INFO  [c.s.o.service.CartServiceImpl] - Fetching cart items for userId: 1
2026-06-17 15:26:37.626 [http-nio-8083-exec-7] INFO  [c.s.o.service.CartServiceImpl] - Cart items fetched successfully. userId: 1, count: 1
2026-06-17 15:26:38.033 [http-nio-8083-exec-10] INFO  [c.s.o.service.OrderServiceImpl] - Fetching top ordered pizza ids for userId: 1
2026-06-17 15:26:38.059 [http-nio-8083-exec-10] INFO  [c.s.o.service.OrderServiceImpl] - Top ordered pizza ids for userId 1: [1, 3, 2, 5]
2026-06-17 15:26:42.100 [http-nio-8083-exec-4] INFO  [c.s.o.service.CartServiceImpl] - Remove cart item request received. cartItemId: 37
2026-06-17 15:26:42.194 [http-nio-8083-exec-4] INFO  [c.s.o.service.CartServiceImpl] - Cart item removed successfully. cartItemId: 37
2026-06-17 15:26:42.214 [http-nio-8083-exec-9] INFO  [c.s.o.service.CartServiceImpl] - Fetching cart items for userId: 1
2026-06-17 15:26:42.219 [http-nio-8083-exec-9] INFO  [c.s.o.service.CartServiceImpl] - Cart items fetched successfully. userId: 1, count: 0
2026-06-17 15:27:27.242 [AsyncResolver-bootstrap-executor-%d] INFO  [c.n.d.s.r.aws.ConfigClusterResolver] - Resolving eureka endpoints via configuration
2026-06-17 15:32:27.260 [AsyncResolver-bootstrap-executor-%d] INFO  [c.n.d.s.r.aws.ConfigClusterResolver] - Resolving eureka endpoints via configuration
2026-06-17 15:37:27.265 [AsyncResolver-bootstrap-executor-%d] INFO  [c.n.d.s.r.aws.ConfigClusterResolver] - Resolving eureka endpoints via configuration
